MPI startup(): PMI server not found. Please set I_MPI_PMI_LIBRARY variable if it is not a singleton case.
ABBY complete
BARR complete
BART complete
BLAN complete
BONA complete
CLBJ complete
CPER complete
DCFS complete
DEJU complete
DELA complete
DSNY complete
GRSM complete
GUAN complete
HARV complete
HEAL complete
JERC complete
JORN complete
KONA complete
KONZ complete
LAJA complete
LENO complete
MLBS complete
MOAB complete
NIWO complete
NOGP complete
OAES complete
ONAQ complete
ORNL complete
OSBS complete
PUUM complete
RMNP complete
SCBI complete
SERC complete
SJER complete
SOAP complete
SRER complete
STEI complete
STER complete
TALL complete
TEAK complete
TOOL complete
TREE complete
UKFS complete
UNDE complete
WOOD complete
WREF complete
YELL complete
--2024-09-23 14:31:07--  https://data.neonscience.org/api/v0/data/package/DP4.00200.001/ABBY/2017-01?package=extended
Resolving data.neonscience.org (data.neonscience.org)... 129.19.148.11
Connecting to data.neonscience.org (data.neonscience.org)|129.19.148.11|:443... connected.
HTTP request sent, awaiting response... 200 OK
Length: unspecified [application/json]
Saving to: ‘2017-01?package=extended’

     0K                                                        1.05M=0s

2024-09-23 14:31:08 (1.05 MB/s) - ‘2017-01?package=extended’ saved [95]

--2024-09-23 14:31:08--  https://data.neonscience.org/api/v0/data/package/DP4.00200.001/ABBY/2017-02?package=extended
Reusing existing connection to data.neonscience.org:443.
HTTP request sent, awaiting response... 200 OK
Length: unspecified [application/json]
Saving to: ‘2017-02?package=extended’

     0K                                                        29.0K=0.003s

2024-09-23 14:31:09 (29.0 KB/s) - ‘2017-02?package=extended’ saved [95]

--2024-09-23 14:31:09--  https://data.neonscience.org/api/v0/data/package/DP4.00200.001/ABBY/2017-03?package=extended
Reusing existing connection to data.neonscience.org:443.
HTTP request sent, awaiting response... 200 OK
Length: unspecified [application/json]
Saving to: ‘2017-03?package=extended’

     0K                                                        1.66M=0s

2024-09-23 14:31:09 (1.66 MB/s) - ‘2017-03?package=extended’ saved [95]

--2024-09-23 14:31:09--  https://data.neonscience.org/api/v0/data/package/DP4.00200.001/ABBY/2017-04?package=extended
Reusing existing connection to data.neonscience.org:443.
HTTP request sent, awaiting response... 200 OK
Length: unspecified [application/json]
Saving to: ‘2017-04?package=extended’

     0K                                                        1.97M=0s

2024-09-23 14:31:10 (1.97 MB/s) - ‘2017-04?package=extended’ saved [95]

--2024-09-23 14:31:10--  https://data.neonscience.org/api/v0/data/package/DP4.00200.001/ABBY/2017-05?package=extended
Reusing existing connection to data.neonscience.org:443.
HTTP request sent, awaiting response... 200 OK
Length: unspecified [application/json]
Saving to: ‘2017-05?package=extended’

     0K                                                        1.82M=0s

2024-09-23 14:31:11 (1.82 MB/s) - ‘2017-05?package=extended’ saved [95]

--2024-09-23 14:31:11--  https://data.neonscience.org/api/v0/data/package/DP4.00200.001/ABBY/2017-06?package=extended
Reusing existing connection to data.neonscience.org:443.
HTTP request sent, awaiting response... 200 OK
Length: unspecified [application/json]
Saving to: ‘2017-06?package=extended’

     0K                                                        1.84M=0s

2024-09-23 14:31:12 (1.84 MB/s) - ‘2017-06?package=extended’ saved [95]

--2024-09-23 14:31:12--  https://data.neonscience.org/api/v0/data/package/DP4.00200.001/ABBY/2017-07?package=extended
Reusing existing connection to data.neonscience.org:443.
HTTP request sent, awaiting response... 200 OK
Length: unspecified [application/json]
Saving to: ‘2017-07?package=extended’

     0K                                                        1.61M=0s

2024-09-23 14:31:12 (1.61 MB/s) - ‘2017-07?package=extended’ saved [95]

--2024-09-23 14:31:12--  https://data.neonscience.org/api/v0/data/package/DP4.00200.001/ABBY/2017-08?package=extended
Reusing existing connection to data.neonscience.org:443.
HTTP request sent, awaiting response... 200 OK
Length: unspecified [application/octet-stream]
Saving to: ‘2017-08?package=extended’

     0K .......... .......... .......... .......... .......... 70.6K
    50K .......... .......... .......... .......... ..........  141K
   100K .......... .......... .......... .......... ..........  103K
   150K .......... .......... .......... .......... .......... 97.7K
   200K .......... .......... .......... .......... .......... 94.2K
   250K .......... .......... .......... .......... ..........  102K
   300K .......... .......... .......... .......... .......... 97.9K
   350K .......... .......... .......... .......... .......... 91.8K
   400K .......... .......... .......... .......... ..........  173K
   450K .......... .......... .......... .......... .......... 85.0K
   500K .......... .......... .......... .......... ..........  101K
   550K .......... .......... .......... .......... .......... 93.1K
   600K .......... .......... .......... .......... .......... 90.9K
   650K .......... .......... .......... .......... ..........  114K
   700K .......... .......... .......... .......... ..........  104K
   750K .......... .......... .......... .......... .......... 88.2K
   800K .......... .......... .......... .......... ..........  123K
   850K .......... .......... .......... .......... .......... 94.2K
   900K .......... .......... .......... .......... .......... 97.4K
   950K .......... .......... .......... .......... ..........  131K
  1000K .......... .......... .......... .......... .......... 89.1K
  1050K .......... .......... .......... .......... .......... 93.9K
  1100K .......... .......... .......... .......... ..........  120K
  1150K .......... .......... .......... .......... ..........  142K
  1200K .......... .......... .......... .......... .......... 98.1K
  1250K .......... .......... .......... .......... .......... 96.5K
  1300K .......... .......... .......... .......... ..........  116K
  1350K .......... .......... .......... .......... ..........  114K
  1400K .......... .......... .......... .......... ..........  117K
  1450K .......... .......... .......... .......... ..........  116K
  1500K .......... .......... .......... .......... ..........  105K
  1550K .......... .......... .......... .......... ..........  109K
  1600K .......... .......... .......... .......... ..........  123K
  1650K .......... .......... .......... .......... ..........  134K
  1700K .......... .......... .......... .......... ..........  122K
  1750K .......... .......... .......... .......... .......... 78.6K
  1800K .......... .......... .......... .......... ..........  117K
  1850K .......... .......... .......... .......... .......... 86.0K
  1900K .......... .......... .......... .......... .......... 88.0K
  1950K .......... .......... .......... .......... ..........  119K
  2000K .......... .......... .......... .......... ..........  114K
  2050K .......... .......... .......... .......... ..........  121K
  2100K .......... .......... .......... .......... .......... 83.6K
  2150K .......... .......... .......... .......... ..........  109K
  2200K .......... .......... .......... .......... ..........  108K
  2250K .......... .......... .......... .......... ..........  104K
  2300K .......... .......... .......... .......... ..........  101K
  2350K .......... .......... .......... .......... ..........  100K
  2400K .......... .......... .......... .......... ..........  148K
  2450K .......... .......... .......... .......... ..........  118K
  2500K .......... .......... .......... .......... ..........  114K
  2550K .......... .......... .......... .......... ..........  142K
  2600K .......... .......... .......... .......... ..........  112K
  2650K .......... .......... .......... .......... .......... 71.9K
  2700K .......... .......... .......... .......... ..........  107K
  2750K .......... .......... .......... .......... ..........  132K
  2800K .......... .......... .......... .......... .......... 99.2K
  2850K .......... .......... .......... .......... .......... 85.5K
  2900K .......... .......... .......... .......... ..........  114K
  2950K .......... .......... .......... .......... ..........  115K
  3000K .......... .......... .......... .......... ..........  113K
  3050K .......... .......... .......... .......... ..........  101K
  3100K .......... .......... .......... .......... ..........  126K
  3150K .......... .......... .......... .......... ..........  102K
  3200K .......... .......... .......... .......... .......... 90.3K
  3250K .......... .......... .......... .......... ..........  145K
  3300K .......... .......... .......... .......... ..........  137K
  3350K .......... .......... .......... .......... ..........  106K
  3400K .......... .......... .......... .......... ..........  108K
  3450K .......... .......... .......... .......... ..........  119K
  3500K .......... .......... .......... .......... ..........  118K
  3550K .......... .......... .......... .......... ..........  108K
  3600K .......... .......... .......... .......... ..........  110K
  3650K .......... .......... .......... .......... ..........  122K
  3700K .......... .......... .......... .......... .......... 85.4K
  3750K .......... .......... .......... .......... ..........  102K
  3800K .......... .......... .......... .......... ..........  111K
  3850K .......... .......... .......... .......... ..........  141K
  3900K .......... .......... .......... .......... ..........  117K
  3950K .......... .......... .......... .......... ..........  125K
  4000K .......... .......... .......... .......... ..........  149K
  4050K .......... .......... .......... .......... ..........  128K
  4100K .......... .......... .......... .......... .......... 93.3K
  4150K .......... .......... .......... .......... ..........  101K
  4200K .......... .......... .......... .......... ..........  119K
  4250K .......... .......... .......... .......... ..........  100K
  4300K .......... .......... .......... .......... ..........  117K
  4350K .......... .......... .......... .......... ..........  103K
  4400K .......... .......... .......... .......... ..........  147K
  4450K .......... .......... .......... .......... .......... 91.6K
  4500K .......... .......... .......... .......... ..........  113K
  4550K .......... .......... .......... .......... ..........  119K
  4600K .......... .......... .......... .......... ..........  117K
  4650K .......... .......... .......... .......... ..........  134K
  4700K .......... .......... .......... .......... .......... 96.9K
  4750K .......... .......... .......... .......... ..........  104K
  4800K .......... .......... .......... .......... ..........  125K
  4850K .......... .......... .......... .......... ..........  128K
  4900K .......... .......... .......... .......... ..........  168K
  4950K .......... .......... .......... .......... .......... 97.0K
  5000K .......... .......... .......... .......... .......... 86.1K
  5050K .......... .......... .......... .......... ..........  134K
  5100K .......... .......... .......... .......... ..........  127K
  5150K .......... .......... .......... .......... ..........  162K
  5200K .......... .......... .......... .......... ..........  128K
  5250K .......... .......... .......... .......... ..........  119K
  5300K .......... .......... .......... .......... ..........  160K
  5350K .......... .......... .......... .......... ..........  102K
  5400K .......... .......... .......... .......... ..........  135K
  5450K .......... .......... .......... .......... ..........  144K
  5500K .......... .......... .......... .......... ..........  115K
  5550K .......... .......... .......... .......... ..........  101K
  5600K .......... .......... .......... .......... ..........  154K
  5650K .......... .......... .......... .......... ..........  132K
  5700K .......... .......... .......... .......... ..........  138K
  5750K .......... .......... .......... .......... ..........  154K
  5800K .......... .......... .......... .......... ..........  136K
  5850K .......... .......... .......... .......... ..........  149K
  5900K .......... .......... .......... .......... ..........  125K
  5950K .......... .......... .......... .......... ..........  148K
  6000K .......... .......... .......... .......... ..........  143K
  6050K .......... .......... .......... .......... ..........  116K
  6100K .......... .......... .......... .......... ..........  105K
  6150K .......... .......... .......... .......... ..........  149K
  6200K .......... .......... .......... .......... ..........  125K
  6250K .......... .......... .......... .......... ..........  106K
  6300K .......... .......... .......... .......... ..........  139K
  6350K .......... .......... .......... .......... ..........  150K
  6400K .......... .......... .......... .......... ..........  111K
  6450K .......... .......... .......... .......... .......... 87.6K
  6500K .......... .......... .......... .......... ..........  131K
  6550K .......... .......... .......... .......... ..........  133K
  6600K .......... .......... .......... .......... ..........  110K
  6650K .......... .......... .......... .......... ..........  121K
  6700K .......... .......... .......... .......... ..........  173K
  6750K .......... .......... .......... .......... ..........  117K
  6800K .......... .......... .......... .......... ..........  122K
  6850K .......... .......... .......... .......... ..........  116K
  6900K .......... .......... .......... .......... ..........  126K
  6950K .......... .......... .......... .......... ..........  144K
  7000K .......... .......... .......... .......... ..........  130K
  7050K .......... .......... .......... .......... ..........  137K
  7100K .......... .......... .......... .......... ..........  124K
  7150K .......... .......... .......... .......... ..........  113K
  7200K .......... .......... .......... .......... ..........  151K
  7250K .......... .......... .......... .......... ..........  158K
  7300K .......... .......... .......... .......... ..........  101K
  7350K .......... .......... .......... .......... ..........  138K
  7400K .......... .......... .......... .......... ..........  143K
  7450K .......... .......... .......... .......... ..........  125K
  7500K .......... .......... .......... .......... ..........  124K
  7550K .......... .......... .......... .......... ..........  121K
  7600K .......... .......... .......... .......... ..........  154K
  7650K .......... .......... .......... .......... ..........  149K
  7700K .......... .......... .......... .......... ..........  125K
  7750K .......... .......... .......... .......... ..........  152K
  7800K .......... .......... .......... .......... ..........  163K
  7850K .......... .......... .......... .......... ..........  134K
  7900K .......... .......... .......... .......... ..........  129K
  7950K .......... .......... .......... .......... ..........  106K
  8000K .......... .......... .......... .......... ..........  190K
  8050K .......... .......... .......... .......... ..........  151K
  8100K .......... .......... .......... .......... ..........  136K
  8150K .......... .......... .......... .......... .......... 99.5K
  8200K .......... .......... .......... .......... ..........  134K
  8250K .......... .......... .......... .......... ..........  140K
  8300K .......... .......... .......... .......... ..........  150K
  8350K .......... .......... .......... .......... ..........  126K
  8400K .......... .......... .......... .......... ..........  155K
  8450K .......... .......... .......... .......... ..........  134K
  8500K .......... .......... .......... .......... ..........  151K
  8550K .......... .......... .......... .......... ..........  157K
  8600K .......... .......... .......... .......... ..........  136K
  8650K .......... .......... .......... .......... ..........  208K
  8700K .......... .......... .......... .......... ..........  148K
  8750K .......... .......... .......... .......... ..........  127K
  8800K .......... .......... .......... .......... ..........  147K
  8850K .......... .......... .......... .......... ..........  221K
  8900K .......... .......... .......... .......... ..........  185K
  8950K .......... .......... .......... .......... ..........  133K
  9000K .......... .......... .......... .......... ..........  164K
  9050K .......... .......... .......... .......... ..........  267K
  9100K .......... .......... .......... .......... ..........  209K
  9150K .......... .......... .......... .......... ..........  146K
  9200K .......... .......... .......... .......... ..........  130K
  9250K .......... .......... .......... .......... ..........  139K
  9300K .......... .......... .......... .......... ..........  245K
  9350K .......... .......... .......... .......... ..........  160K
  9400K .......... .......... .......... .......... ..........  179K
  9450K .......... .......... .......... .......... ..........  153K
  9500K .......... .......... .......... .......... ..........  179K
  9550K .......... .......... .......... .......... ..........  168K
  9600K .......... .......... .......... .......... ..........  220K
  9650K .......... .......... .......... .......... ..........  184K
  9700K .......... .......... .......... .......... ..........  185K
  9750K .......... .......... .......... .......... ..........  147K
  9800K .......... .......... .......... .......... ..........  152K
  9850K .......... .......... .......... .......... ..........  162K
  9900K .......... .......... .......... .......... ..........  180K
  9950K .......... .......... .......... .......... ..........  255K
 10000K .......... .......... .......... .......... ..........  215K
 10050K .......... .......... .......... .......... ..........  190K
 10100K .......... .......... .......... .......... ..........  186K
 10150K .......... .......... .......... .......... ..........  252K
 10200K .......... .......... .......... .......... ..........  208K
 10250K .......... .......... .......... .......... ..........  254K
 10300K .......... .......... .......... .......... ..........  264K
 10350K .......... .......... .......... .......... ..........  198K
 10400K .......... .......... .......... .......... ..........  252K
 10450K .......... .......... .......... .......... ..........  333K
 10500K .......... .......... .......... .......... ..........  215K
 10550K .......... .......... .......... .......... ..........  166K
 10600K .......... .......... .......... .......... ..........  182K
 10650K .......... .......... .......... .......... ..........  162K
 10700K .......... .......... .......... .......... ..........  210K
 10750K .......... .......... .......... .......... ..........  315K
 10800K .......... .......... .......... .......... .......... 31.8K
 10850K .......... .......... .......... .......... .......... 27.7K
 10900K .......... .......... .......... .......... .......... 34.4K
 10950K .......... .......... .......... .......... .......... 33.6K
 11000K .......... .......... .......... .......... .......... 25.1K
 11050K .......... .......... .......... .......... .......... 33.1K
 11100K .......... .......... .......... .......... .......... 32.6K
 11150K .......... .......... .......... .......... .......... 26.4K
 11200K .......... .......... .......... .......... .......... 35.3K
 11250K .......... .......... .......... .......... .......... 32.0K
 11300K .......... .......... .......... .......... .......... 29.2K
 11350K .......... .......... .......... .......... .......... 28.9K
 11400K .......... .......... .......... .......... .......... 31.8K
 11450K .......... .......... .......... .......... .......... 31.2K
 11500K .......... .......... .......... .......... .......... 30.4K
 11550K .......... .......... .......... .......... .......... 35.3K
 11600K .......... .......... .......... .......... .......... 32.0K
 11650K .......... .......... .......... .......... .......... 34.2K
 11700K .......... .......... .......... .......... .......... 26.7K
 11750K .......... .......... .......... .......... .......... 32.5K
 11800K .......... .......... .......... .......... .......... 30.9K
 11850K .......... .......... .......... .......... .......... 29.3K
 11900K .......... .......... .......... .......... .......... 20.6K
 11950K .......... .......... .......... .......... .......... 25.0K
 12000K .......... .......... .......... .......... .......... 30.7K
 12050K .......... .......... .......... .......... .......... 29.7K
 12100K .......... .......... .......... .......... .......... 31.1K
 12150K .......... .......... .......... .......... .......... 29.6K
 12200K .......... .......... .......... .......... .......... 30.8K
 12250K .......... .......... .......... .......... .......... 23.6K
 12300K .......... .......... .......... .......... .......... 34.2K
 12350K .......... .......... .......... .......... .......... 32.1K
 12400K .......... .......... .......... .......... .......... 35.3K
 12450K .......... .......... .......... .......... .......... 30.5K
 12500K .......... .......... .......... .......... .......... 24.3K
 12550K .......... .......... .......... .......... .......... 25.1K
 12600K .......... .......... .......... .......... .......... 23.8K
 12650K .......... .......... .......... .......... .......... 27.9K
 12700K .......... .......... .......... .......... .......... 30.7K
 12750K .......... .......... .......... .......... .......... 25.4K
 12800K .......... .......... .......... .......... .......... 16.8K
 12850K .......... .......... .......... .......... .......... 23.5K
 12900K .......... .......... .......... .......... .......... 22.8K
 12950K .......... .......... .......... .......... .......... 32.4K
 13000K .......... .......... .......... .......... .......... 31.6K
 13050K .......... .......... .......... .......... .......... 37.0K
 13100K .......... .......... .......... .......... .......... 26.5K
 13150K .......... .......... .......... .......... .......... 23.9K
 13200K .......... .......... .......... .......... .......... 27.5K
 13250K .......... .......... .......... .......... .......... 23.5K
 13300K .......... .......... .......... .......... .......... 32.0K
 13350K .......... .......... .......... .......... .......... 27.6K
 13400K .......... .......... .......... .......... .......... 26.1K
 13450K .......... .......... .......... .......... .......... 28.4K
 13500K .......... .......... .......... .......... .......... 32.5K
 13550K .......... .......... .......... .......... .......... 23.8K
 13600K .......... .......... .......... .......... .......... 27.5K
 13650K .......... .......... .......... .......... .......... 34.3K
 13700K .......... .......... .......... .......... .......... 32.9K
 13750K .......... .......... .......... .......... .......... 37.5K
 13800K .......... .......... .......... .......... .......... 32.5K
 13850K .......... .......... .......... .......... .......... 11.9K
 13900K .......... .......... .......... .......... .......... 19.7K
 13950K .......... .......... .......... .......... .......... 32.8K
 14000K .......... .......... .......... .......... .......... 29.7K
 14050K .......... .......... .......... .......... .......... 27.1K
 14100K .......... .......... .......... .......... .......... 37.1K
 14150K .......... .......... .......... .......... .......... 22.6K
 14200K .......... .......... .......... .......... .......... 28.7K
 14250K .......... .......... .......... .......... .......... 33.0K
 14300K .......... .......... .......... .......... .......... 27.0K
 14350K .......... .......... .......... .......... .......... 37.2K
 14400K .......... .......... .......... .......... .......... 21.2K
 14450K .......... .......... .......... .......... .......... 38.0K
 14500K .......... .......... .......... .......... .......... 24.1K
 14550K .......... .......... .......... .......... .......... 30.5K
 14600K .......... .......... .......... .......... .......... 23.8K
 14650K .......... .......... .......... .......... .......... 34.7K
 14700K .......... .......... .......... .......... .......... 29.0K
 14750K .......... .......... .......... .......... .......... 39.0K
 14800K .......... .......... .......... .......... .......... 29.3K
 14850K .......... .......... .......... .......... .......... 33.0K
 14900K .......... .......... .......... .......... .......... 46.2K
 14950K .......... .......... .......... .......... .......... 28.5K
 15000K .......... .......... .......... .......... .......... 34.8K
 15050K .......... .......... .......... .......... .......... 39.3K
 15100K .......... .......... .......... .......... .......... 27.9K
 15150K .......... .......... .......... .......... .......... 27.7K
 15200K .......... .......... .......... .......... .......... 49.0K
 15250K .......... .......... .......... .......... .......... 34.5K
 15300K .......... .......... .......... .......... .......... 47.7K
 15350K .......... .......... .......... .......... .......... 48.0K
 15400K .......... .......... .......... .......... .......... 32.5K
 15450K .......... .......... .......... .......... .......... 51.0K
 15500K .......... .......... .......... .......... .......... 29.5K
 15550K .......... .......... .......... .......... .......... 66.2K
 15600K .......... .......... .......... .......... .......... 73.1K
 15650K ..........slurmstepd: error: *** JOB 1838525 ON node13 CANCELLED AT 2024-09-23T14:35:23 ***
